[12:38:06] [ServerMain/INFO]: Environment: Environment[sessionHost=https://sessionserver.mojang.com, servicesHost=https://api.minecraftservices.com, name=PROD]
[12:38:09] [ServerMain/INFO]: Loaded 1290 recipes
[12:38:10] [Server thread/INFO]: Starting minecraft server version 1.21
[12:38:10] [Server thread/INFO]: Loading properties
[12:38:10] [Server thread/INFO]: This server is running CraftBukkit version 4226-Spigot-146439e-2889b3a (MC: 1.21) (Implementing API version 1.21-R0.1-SNAPSHOT)
[12:38:12] [Server thread/INFO]: Debug logging is disabled
[12:38:12] [Server thread/INFO]: Server Ping Player Sample Count: 12
[12:38:12] [Server thread/INFO]: Using 4 threads for Netty based IO
[12:38:12] [Server thread/INFO]: Default game type: SURVIVAL
[12:38:12] [Server thread/INFO]: Generating keypair
[12:38:12] [Server thread/INFO]: Starting Minecraft server on *:25565
[12:38:12] [Server thread/INFO]: Using default channel type
[12:38:12] [Server thread/INFO]: Preparing level "world"
[12:38:13] [Server thread/INFO]: -------- World Settings For [world] --------
[12:38:13] [Server thread/INFO]: Zombie Aggressive Towards Villager: true
[12:38:13] [Server thread/INFO]: Allow Zombie Pigmen to spawn from portal blocks: true
[12:38:13] [Server thread/INFO]: Hopper Transfer: 8 Hopper Check: 1 Hopper Amount: 1 Hopper Can Load Chunks: false
[12:38:13] [Server thread/INFO]: Experience Merge Radius: 3.0
[12:38:13] [Server thread/INFO]: Item Despawn Rate: 6000
[12:38:13] [Server thread/INFO]: Arrow Despawn Rate: 1200 Trident Respawn Rate:1200
[12:38:13] [Server thread/INFO]: Item Merge Radius: 2.5
[12:38:13] [Server thread/INFO]: Simulation Distance: 10
[12:38:13] [Server thread/INFO]: View Distance: 10
[12:38:13] [Server thread/INFO]: Nerfing mobs spawned from spawners: false
[12:38:13] [Server thread/INFO]: Custom Map Seeds:  Village: 10387312 Desert: 14357617 Igloo: 14357618 Jungle: 14357619 Swamp: 14357620 Monument: 10387313 Ocean: 14357621 Shipwreck: 165745295 End City: 10387313 Slime: 987234911 Nether: 30084232 Mansion: 10387319 Fossil: 14357921 Portal: 34222645
[12:38:13] [Server thread/INFO]: Entity Tracking Range: Pl 48 / An 48 / Mo 48 / Mi 32 / Di 128 / Other 64
[12:38:13] [Server thread/INFO]: Max TNT Explosions: 100
[12:38:13] [Server thread/INFO]: Entity Activation Range: An 32 / Mo 32 / Ra 48 / Mi 16 / Tiv true / Isa false
[12:38:13] [Server thread/INFO]: Mob Spawn Range: 6
[12:38:13] [Server thread/INFO]: Cactus Growth Modifier: 100%
[12:38:13] [Server thread/INFO]: Cane Growth Modifier: 100%
[12:38:13] [Server thread/INFO]: Melon Growth Modifier: 100%
[12:38:13] [Server thread/INFO]: Mushroom Growth Modifier: 100%
[12:38:13] [Server thread/INFO]: Pumpkin Growth Modifier: 100%
[12:38:13] [Server thread/INFO]: Sapling Growth Modifier: 100%
[12:38:13] [Server thread/INFO]: Beetroot Growth Modifier: 100%
[12:38:13] [Server thread/INFO]: Carrot Growth Modifier: 100%
[12:38:13] [Server thread/INFO]: Potato Growth Modifier: 100%
[12:38:13] [Server thread/INFO]: Wheat Growth Modifier: 100%
[12:38:13] [Server thread/INFO]: NetherWart Growth Modifier: 100%
[12:38:13] [Server thread/INFO]: Vine Growth Modifier: 100%
[12:38:13] [Server thread/INFO]: Cocoa Growth Modifier: 100%
[12:38:13] [Server thread/INFO]: Bamboo Growth Modifier: 100%
[12:38:13] [Server thread/INFO]: SweetBerry Growth Modifier: 100%
[12:38:13] [Server thread/INFO]: Kelp Growth Modifier: 100%
[12:38:13] [Server thread/INFO]: TwistingVines Growth Modifier: 100%
[12:38:13] [Server thread/INFO]: WeepingVines Growth Modifier: 100%
[12:38:13] [Server thread/INFO]: CaveVines Growth Modifier: 100%
[12:38:13] [Server thread/INFO]: Tile Max Tick Time: 50ms Entity max Tick Time: 50ms
[12:38:14] [Server thread/INFO]: -------- World Settings For [world_nether] --------
[12:38:14] [Server thread/INFO]: Zombie Aggressive Towards Villager: true
[12:38:14] [Server thread/INFO]: Allow Zombie Pigmen to spawn from portal blocks: true
[12:38:14] [Server thread/INFO]: Hopper Transfer: 8 Hopper Check: 1 Hopper Amount: 1 Hopper Can Load Chunks: false
[12:38:14] [Server thread/INFO]: Experience Merge Radius: 3.0
[12:38:14] [Server thread/INFO]: Item Despawn Rate: 6000
[12:38:14] [Server thread/INFO]: Arrow Despawn Rate: 1200 Trident Respawn Rate:1200
[12:38:14] [Server thread/INFO]: Item Merge Radius: 2.5
[12:38:14] [Server thread/INFO]: Simulation Distance: 10
[12:38:14] [Server thread/INFO]: View Distance: 10
[12:38:14] [Server thread/INFO]: Nerfing mobs spawned from spawners: false
[12:38:14] [Server thread/INFO]: Custom Map Seeds:  Village: 10387312 Desert: 14357617 Igloo: 14357618 Jungle: 14357619 Swamp: 14357620 Monument: 10387313 Ocean: 14357621 Shipwreck: 165745295 End City: 10387313 Slime: 987234911 Nether: 30084232 Mansion: 10387319 Fossil: 14357921 Portal: 34222645
[12:38:14] [Server thread/INFO]: Entity Tracking Range: Pl 48 / An 48 / Mo 48 / Mi 32 / Di 128 / Other 64
[12:38:14] [Server thread/INFO]: Max TNT Explosions: 100
[12:38:14] [Server thread/INFO]: Entity Activation Range: An 32 / Mo 32 / Ra 48 / Mi 16 / Tiv true / Isa false
[12:38:14] [Server thread/INFO]: Mob Spawn Range: 6
[12:38:14] [Server thread/INFO]: Cactus Growth Modifier: 100%
[12:38:14] [Server thread/INFO]: Cane Growth Modifier: 100%
[12:38:14] [Server thread/INFO]: Melon Growth Modifier: 100%
[12:38:14] [Server thread/INFO]: Mushroom Growth Modifier: 100%
[12:38:14] [Server thread/INFO]: Pumpkin Growth Modifier: 100%
[12:38:14] [Server thread/INFO]: Sapling Growth Modifier: 100%
[12:38:14] [Server thread/INFO]: Beetroot Growth Modifier: 100%
[12:38:14] [Server thread/INFO]: Carrot Growth Modifier: 100%
[12:38:14] [Server thread/INFO]: Potato Growth Modifier: 100%
[12:38:14] [Server thread/INFO]: Wheat Growth Modifier: 100%
[12:38:14] [Server thread/INFO]: NetherWart Growth Modifier: 100%
[12:38:14] [Server thread/INFO]: Vine Growth Modifier: 100%
[12:38:14] [Server thread/INFO]: Cocoa Growth Modifier: 100%
[12:38:14] [Server thread/INFO]: Bamboo Growth Modifier: 100%
[12:38:14] [Server thread/INFO]: SweetBerry Growth Modifier: 100%
[12:38:14] [Server thread/INFO]: Kelp Growth Modifier: 100%
[12:38:14] [Server thread/INFO]: TwistingVines Growth Modifier: 100%
[12:38:14] [Server thread/INFO]: WeepingVines Growth Modifier: 100%
[12:38:14] [Server thread/INFO]: CaveVines Growth Modifier: 100%
[12:38:14] [Server thread/INFO]: Tile Max Tick Time: 50ms Entity max Tick Time: 50ms
[12:38:18] [Server thread/INFO]: -------- World Settings For [world_the_end] --------
[12:38:18] [Server thread/INFO]: Zombie Aggressive Towards Villager: true
[12:38:18] [Server thread/INFO]: Allow Zombie Pigmen to spawn from portal blocks: true
[12:38:18] [Server thread/INFO]: Hopper Transfer: 8 Hopper Check: 1 Hopper Amount: 1 Hopper Can Load Chunks: false
[12:38:18] [Server thread/INFO]: Experience Merge Radius: 3.0
[12:38:18] [Server thread/INFO]: Item Despawn Rate: 6000
[12:38:18] [Server thread/INFO]: Arrow Despawn Rate: 1200 Trident Respawn Rate:1200
[12:38:18] [Server thread/INFO]: Item Merge Radius: 2.5
[12:38:18] [Server thread/INFO]: Simulation Distance: 10
[12:38:18] [Server thread/INFO]: View Distance: 10
[12:38:18] [Server thread/INFO]: Nerfing mobs spawned from spawners: false
[12:38:18] [Server thread/INFO]: Custom Map Seeds:  Village: 10387312 Desert: 14357617 Igloo: 14357618 Jungle: 14357619 Swamp: 14357620 Monument: 10387313 Ocean: 14357621 Shipwreck: 165745295 End City: 10387313 Slime: 987234911 Nether: 30084232 Mansion: 10387319 Fossil: 14357921 Portal: 34222645
[12:38:18] [Server thread/INFO]: Entity Tracking Range: Pl 48 / An 48 / Mo 48 / Mi 32 / Di 128 / Other 64
[12:38:18] [Server thread/INFO]: Max TNT Explosions: 100
[12:38:18] [Server thread/INFO]: Entity Activation Range: An 32 / Mo 32 / Ra 48 / Mi 16 / Tiv true / Isa false
[12:38:18] [Server thread/INFO]: Mob Spawn Range: 6
[12:38:18] [Server thread/INFO]: Cactus Growth Modifier: 100%
[12:38:18] [Server thread/INFO]: Cane Growth Modifier: 100%
[12:38:18] [Server thread/INFO]: Melon Growth Modifier: 100%
[12:38:18] [Server thread/INFO]: Mushroom Growth Modifier: 100%
[12:38:18] [Server thread/INFO]: Pumpkin Growth Modifier: 100%
[12:38:18] [Server thread/INFO]: Sapling Growth Modifier: 100%
[12:38:18] [Server thread/INFO]: Beetroot Growth Modifier: 100%
[12:38:18] [Server thread/INFO]: Carrot Growth Modifier: 100%
[12:38:18] [Server thread/INFO]: Potato Growth Modifier: 100%
[12:38:18] [Server thread/INFO]: Wheat Growth Modifier: 100%
[12:38:18] [Server thread/INFO]: NetherWart Growth Modifier: 100%
[12:38:18] [Server thread/INFO]: Vine Growth Modifier: 100%
[12:38:18] [Server thread/INFO]: Cocoa Growth Modifier: 100%
[12:38:18] [Server thread/INFO]: Bamboo Growth Modifier: 100%
[12:38:18] [Server thread/INFO]: SweetBerry Growth Modifier: 100%
[12:38:18] [Server thread/INFO]: Kelp Growth Modifier: 100%
[12:38:18] [Server thread/INFO]: TwistingVines Growth Modifier: 100%
[12:38:18] [Server thread/INFO]: WeepingVines Growth Modifier: 100%
[12:38:18] [Server thread/INFO]: CaveVines Growth Modifier: 100%
[12:38:18] [Server thread/INFO]: Tile Max Tick Time: 50ms Entity max Tick Time: 50ms
[12:38:18] [Server thread/INFO]: Preparing start region for dimension minecraft:overworld
[12:38:19] [Worker-Main-3/INFO]: Preparing spawn area: 0%
[12:38:19] [Worker-Main-3/INFO]: Preparing spawn area: 0%
[12:38:19] [Server thread/INFO]: Time elapsed: 919 ms
[12:38:19] [Server thread/INFO]: Preparing start region for dimension minecraft:the_nether
[12:38:20] [Worker-Main-5/INFO]: Preparing spawn area: 0%
[12:38:20] [Worker-Main-5/INFO]: Preparing spawn area: 0%
[12:38:20] [Server thread/INFO]: Time elapsed: 740 ms
[12:38:20] [Server thread/INFO]: Preparing start region for dimension minecraft:the_end
[12:38:20] [Worker-Main-1/INFO]: Preparing spawn area: 0%
[12:38:20] [Server thread/INFO]: Time elapsed: 322 ms
[12:38:20] [Server thread/INFO]: Server permissions file permissions.yml is empty, ignoring it
[12:38:20] [Server thread/INFO]: Done (7.584s)! For help, type "help"
[14:17:15] [Server thread/WARN]: Can't keep up! Is the server overloaded? Running 2126488ms or 42529 ticks behind
[15:18:52] [Server thread/WARN]: Can't keep up! Is the server overloaded? Running 5687ms or 113 ticks behind
[15:22:18] [Server thread/INFO]: Unknown command. Type "/help" for help.[m
[15:22:20] [Server thread/INFO]: Unknown command. Type "/help" for help.[m
[15:22:23] [Server thread/INFO]: Unknown command. Type "/help" for help.[m
[15:22:29] [Server thread/INFO]: Unknown command. Type "/help" for help.[m
[15:22:34] [Server thread/INFO]: Unknown command. Type "/help" for help.[m
